2025-09-02T17:00:56: [processor-worker] INFO: Processor worker started.
2025-09-03T15:09:02: [processor-worker] INFO: Processor worker started.
2025-09-03T15:11:54: [processor-worker] INFO: Processor worker started.
2025-09-03T15:14:03: [processor-worker] INFO: Processing 1 jobs from the queue.
2025-09-03T15:14:03: [eventProcessor] DEBUG: Processing 1 RpcEvents in current batch for network supra-mainnet.
2025-09-03T15:14:03: prisma:info Starting a postgresql pool with 13 connections in PgBouncer mode.
2025-09-03T15:14:04: [processor-worker] INFO: Processing 1 jobs from the queue.
2025-09-03T15:14:04: prisma:query BEGIN
2025-09-03T15:14:04: prisma:query DEALLOCATE ALL
2025-09-03T15:14:04: [eventProcessor] DEBUG: Starting transaction for event: Tx:unknown_tx_for_0x2e1e06a4d4d16fb89474347f51370e06318100d01982f57d6d1d7f8293e795b5::spike_fun::TradeEvent_block_22194381 Seq:430 Type:0x2e1e06a4d4d16fb89474347f51370e06318100d01982f57d6d1d7f8293e795b5::spike_fun::TradeEvent Net:supra-mainnet
2025-09-03T15:14:05: [processor-worker] INFO: Processing 1 jobs from the queue.
2025-09-03T15:14:05: prisma:query INSERT INTO "public"."EventTracking" ("eventType","blockHeight","transactionHash","processed","error","createdAt","updatedAt","network","sequenceNumber") VALUES ($1,$2,$3,$4,$5,$6,$7,$8,$9) ON CONFLICT ("network","transactionHash","sequenceNumber","eventType") DO UPDATE SET "error" = $10, "processed" = $11 WHERE (("public"."EventTracking"."network" = $12 AND "public"."EventTracking"."transactionHash" = $13 AND "public"."EventTracking"."sequenceNumber" = $14 AND "public"."EventTracking"."eventType" = $15) AND 1=1) RETURNING "public"."EventTracking"."id", "public"."EventTracking"."eventType", "public"."EventTracking"."blockHeight", "public"."EventTracking"."transactionHash", "public"."EventTracking"."processed", "public"."EventTracking"."error", "public"."EventTracking"."createdAt", "public"."EventTracking"."updatedAt", "public"."EventTracking"."network", "public"."EventTracking"."sequenceNumber"
2025-09-03T15:14:05: [eventProcessor] INFO: [supra-mainnet] TradeEvent detected. Processing...
2025-09-03T15:14:05: [tradeEventHandler] DEBUG: [supra-mainnet] Processing TradeEvent {"creator_fee":"300000","is_buy":true,"platform_fee":"400000","supra_amount":"100000000","timestamp":"1756930440","token_address":"0x3909e0e0235c085921ef30a258217f2993cb5e1970f441750103b422c471c293","token_amount":"13679975008","user":"0x6e3e09ab7fd0145d7befc0c68d6944ddc1a90fd45b8a6d28c76d8c48bed676b0","virtual_supra_reserves":"1782303103092294","virtual_token_reserves":"243818605402212670"}
2025-09-03T15:14:05: prisma:query SELECT "public"."TradeEvent"."id" FROM "public"."TradeEvent" WHERE (("public"."TradeEvent"."network" = $1 AND "public"."TradeEvent"."creationNumber" = $2 AND "public"."TradeEvent"."sequenceNumber" = $3 AND "public"."TradeEvent"."type" = $4) AND 1=1) LIMIT $5 OFFSET $6
2025-09-03T15:14:05: [tradeEventHandler] INFO: [supra-mainnet] TradeEvent does not exist. CREATING...
2025-09-03T15:14:06: [processor-worker] INFO: Processing 1 jobs from the queue.
2025-09-03T15:14:06: prisma:query INSERT INTO "public"."TradeEvent" ("type","creationNumber","accountAddress","sequenceNumber","timestamp","isBuy","supraAmount","tokenAddress","tokenAmount","user","virtualSupraReserves","virtualTokenReserves","createdAt","updatedAt","network","processedForOHLC") VALUES ($1,$2,$3,$4,$5,$6,$7,$8,$9,$10,$11,$12,$13,$14,$15,$16) RETURNING "public"."TradeEvent"."id", "public"."TradeEvent"."type", "public"."TradeEvent"."creationNumber", "public"."TradeEvent"."accountAddress", "public"."TradeEvent"."sequenceNumber", "public"."TradeEvent"."timestamp", "public"."TradeEvent"."isBuy", "public"."TradeEvent"."supraAmount", "public"."TradeEvent"."tokenAddress", "public"."TradeEvent"."tokenAmount", "public"."TradeEvent"."user", "public"."TradeEvent"."virtualSupraReserves", "public"."TradeEvent"."virtualTokenReserves", "public"."TradeEvent"."createdAt", "public"."TradeEvent"."updatedAt", "public"."TradeEvent"."network", "public"."TradeEvent"."processedForOHLC"
2025-09-03T15:14:06: [tradeEventHandler] INFO: [supra-mainnet] Successfully created TradeEvent for user 0x6e3e09ab7fd0145d7befc0c68d6944ddc1a90fd45b8a6d28c76d8c48bed676b0
2025-09-03T15:14:06: [tradeEventHandler] INFO: [supra-mainnet] Updating token holder balance for user 0x6e3e09ab7fd0145d7befc0c68d6944ddc1a90fd45b8a6d28c76d8c48bed676b0
2025-09-03T15:14:06: prisma:query SELECT "public"."users"."network", "public"."users"."walletAddress" FROM "public"."users" WHERE (("public"."users"."network" = $1 AND "public"."users"."walletAddress" = $2) AND 1=1) OFFSET $3
2025-09-03T15:14:06: prisma:query SELECT "public"."users"."network", "public"."users"."walletAddress", "public"."users"."username", "public"."users"."avatarUrl", "public"."users"."createdAt", "public"."users"."updatedAt", "public"."users"."nonce" FROM "public"."users" WHERE (("public"."users"."network" = $1 AND "public"."users"."walletAddress" = $2) AND (("public"."users"."network" = $3 AND "public"."users"."walletAddress" = $4) AND 1=1)) LIMIT $5 OFFSET $6
2025-09-03T15:14:07: [processor-worker] INFO: Processing 1 jobs from the queue.
2025-09-03T15:14:07: prisma:query SELECT "public"."users"."network", "public"."users"."walletAddress", "public"."users"."username", "public"."users"."avatarUrl", "public"."users"."createdAt", "public"."users"."updatedAt", "public"."users"."nonce" FROM "public"."users" WHERE ("public"."users"."network" = $1 AND "public"."users"."walletAddress" = $2) LIMIT $3 OFFSET $4
2025-09-03T15:14:07: prisma:query INSERT INTO "public"."token_holders" ("network","userWalletAddress","tokenAddress","balance","createdAt","updatedAt") VALUES ($1,$2,$3,$4,$5,$6) ON CONFLICT ("network","userWalletAddress","tokenAddress") DO UPDATE SET "balance" = ("public"."token_holders"."balance" + $7), "updatedAt" = $8 WHERE (("public"."token_holders"."network" = $9 AND "public"."token_holders"."userWalletAddress" = $10 AND "public"."token_holders"."tokenAddress" = $11) AND 1=1) RETURNING "public"."token_holders"."network", "public"."token_holders"."userWalletAddress", "public"."token_holders"."tokenAddress", "public"."token_holders"."balance", "public"."token_holders"."createdAt", "public"."token_holders"."updatedAt"
2025-09-03T15:14:07: [tradeEventHandler] INFO: [supra-mainnet] Successfully updated token holder balance for user 0x6e3e09ab7fd0145d7befc0c68d6944ddc1a90fd45b8a6d28c76d8c48bed676b0
2025-09-03T15:14:07: [eventProcessor] INFO: [supra-mainnet] TradeEvent processed. Adding signal...
2025-09-03T15:14:07: [eventProcessor] INFO: [supra-mainnet] Signal added.
2025-09-03T15:14:08: [processor-worker] INFO: Processing 1 jobs from the queue.
2025-09-03T15:14:08: prisma:query UPDATE "public"."EventTracking" SET "processed" = $1, "error" = $2 WHERE ("public"."EventTracking"."id" = $3 AND 1=1) RETURNING "public"."EventTracking"."id", "public"."EventTracking"."eventType", "public"."EventTracking"."blockHeight", "public"."EventTracking"."transactionHash", "public"."EventTracking"."processed", "public"."EventTracking"."error", "public"."EventTracking"."createdAt", "public"."EventTracking"."updatedAt", "public"."EventTracking"."network", "public"."EventTracking"."sequenceNumber"
2025-09-03T15:14:08: [eventProcessor] INFO: Successfully processed and committed transaction for event Tx:unknown_tx_for_0x2e1e06a4d4d16fb89474347f51370e06318100d01982f57d6d1d7f8293e795b5::spike_fun::TradeEvent_block_22194381 Seq:430 Type:0x2e1e06a4d4d16fb89474347f51370e06318100d01982f57d6d1d7f8293e795b5::spike_fun::TradeEvent Net:supra-mainnet.
2025-09-03T15:14:08: [eventProcessor] DEBUG: Processing 1 RpcEvents in current batch for network supra-mainnet.
2025-09-03T15:14:08: prisma:query COMMIT
2025-09-03T15:14:08: [eventProcessor] INFO: Finished processing batch of 1 events for network supra-mainnet.
2025-09-03T15:14:09: [processor-worker] INFO: Processing 1 jobs from the queue.
2025-09-03T15:14:09: prisma:query BEGIN
2025-09-03T15:14:09: prisma:query DEALLOCATE ALL
2025-09-03T15:14:09: [eventProcessor] DEBUG: Starting transaction for event: Tx:unknown_tx_for_0x2e1e06a4d4d16fb89474347f51370e06318100d01982f57d6d1d7f8293e795b5::spike_fun::TradeEvent_block_22194381 Seq:430 Type:0x2e1e06a4d4d16fb89474347f51370e06318100d01982f57d6d1d7f8293e795b5::spike_fun::TradeEvent Net:supra-mainnet
2025-09-03T15:14:09: prisma:query INSERT INTO "public"."EventTracking" ("eventType","blockHeight","transactionHash","processed","error","createdAt","updatedAt","network","sequenceNumber") VALUES ($1,$2,$3,$4,$5,$6,$7,$8,$9) ON CONFLICT ("network","transactionHash","sequenceNumber","eventType") DO UPDATE SET "error" = $10, "processed" = $11 WHERE (("public"."EventTracking"."network" = $12 AND "public"."EventTracking"."transactionHash" = $13 AND "public"."EventTracking"."sequenceNumber" = $14 AND "public"."EventTracking"."eventType" = $15) AND 1=1) RETURNING "public"."EventTracking"."id", "public"."EventTracking"."eventType", "public"."EventTracking"."blockHeight", "public"."EventTracking"."transactionHash", "public"."EventTracking"."processed", "public"."EventTracking"."error", "public"."EventTracking"."createdAt", "public"."EventTracking"."updatedAt", "public"."EventTracking"."network", "public"."EventTracking"."sequenceNumber"
2025-09-03T15:14:09: [eventProcessor] INFO: [supra-mainnet] TradeEvent detected. Processing...
2025-09-03T15:14:09: [tradeEventHandler] DEBUG: [supra-mainnet] Processing TradeEvent {"creator_fee":"300000","is_buy":true,"platform_fee":"400000","supra_amount":"100000000","timestamp":"1756930440","token_address":"0x3909e0e0235c085921ef30a258217f2993cb5e1970f441750103b422c471c293","token_amount":"13679975008","user":"0x6e3e09ab7fd0145d7befc0c68d6944ddc1a90fd45b8a6d28c76d8c48bed676b0","virtual_supra_reserves":"1782303103092294","virtual_token_reserves":"243818605402212670"}
2025-09-03T15:14:10: [processor-worker] INFO: Processing 1 jobs from the queue.
2025-09-03T15:14:10: prisma:query SELECT "public"."TradeEvent"."id" FROM "public"."TradeEvent" WHERE (("public"."TradeEvent"."network" = $1 AND "public"."TradeEvent"."creationNumber" = $2 AND "public"."TradeEvent"."sequenceNumber" = $3 AND "public"."TradeEvent"."type" = $4) AND 1=1) LIMIT $5 OFFSET $6
2025-09-03T15:14:10: [tradeEventHandler] DEBUG: [supra-mainnet] TradeEvent already exists. Skipping creation.
2025-09-03T15:14:10: [eventProcessor] INFO: [supra-mainnet] TradeEvent processed. Adding signal...
2025-09-03T15:14:10: [eventProcessor] INFO: [supra-mainnet] Signal added.
2025-09-03T15:14:10: prisma:query UPDATE "public"."EventTracking" SET "processed" = $1, "error" = $2 WHERE ("public"."EventTracking"."id" = $3 AND 1=1) RETURNING "public"."EventTracking"."id", "public"."EventTracking"."eventType", "public"."EventTracking"."blockHeight", "public"."EventTracking"."transactionHash", "public"."EventTracking"."processed", "public"."EventTracking"."error", "public"."EventTracking"."createdAt", "public"."EventTracking"."updatedAt", "public"."EventTracking"."network", "public"."EventTracking"."sequenceNumber"
2025-09-03T15:14:10: [eventProcessor] INFO: Successfully processed and committed transaction for event Tx:unknown_tx_for_0x2e1e06a4d4d16fb89474347f51370e06318100d01982f57d6d1d7f8293e795b5::spike_fun::TradeEvent_block_22194381 Seq:430 Type:0x2e1e06a4d4d16fb89474347f51370e06318100d01982f57d6d1d7f8293e795b5::spike_fun::TradeEvent Net:supra-mainnet.
2025-09-03T15:14:10: prisma:query COMMIT
2025-09-03T15:14:10: [eventProcessor] INFO: Finished processing batch of 1 events for network supra-mainnet.
2025-09-03T15:14:10: [eventProcessor] DEBUG: Processing 1 RpcEvents in current batch for network supra-mainnet.
2025-09-03T15:14:11: [processor-worker] INFO: Processing 1 jobs from the queue.
2025-09-03T15:14:11: prisma:query BEGIN
2025-09-03T15:14:11: prisma:query DEALLOCATE ALL
2025-09-03T15:14:11: [eventProcessor] DEBUG: Starting transaction for event: Tx:unknown_tx_for_0x2e1e06a4d4d16fb89474347f51370e06318100d01982f57d6d1d7f8293e795b5::spike_fun::TradeEvent_block_22194381 Seq:430 Type:0x2e1e06a4d4d16fb89474347f51370e06318100d01982f57d6d1d7f8293e795b5::spike_fun::TradeEvent Net:supra-mainnet
2025-09-03T15:14:11: prisma:query INSERT INTO "public"."EventTracking" ("eventType","blockHeight","transactionHash","processed","error","createdAt","updatedAt","network","sequenceNumber") VALUES ($1,$2,$3,$4,$5,$6,$7,$8,$9) ON CONFLICT ("network","transactionHash","sequenceNumber","eventType") DO UPDATE SET "error" = $10, "processed" = $11 WHERE (("public"."EventTracking"."network" = $12 AND "public"."EventTracking"."transactionHash" = $13 AND "public"."EventTracking"."sequenceNumber" = $14 AND "public"."EventTracking"."eventType" = $15) AND 1=1) RETURNING "public"."EventTracking"."id", "public"."EventTracking"."eventType", "public"."EventTracking"."blockHeight", "public"."EventTracking"."transactionHash", "public"."EventTracking"."processed", "public"."EventTracking"."error", "public"."EventTracking"."createdAt", "public"."EventTracking"."updatedAt", "public"."EventTracking"."network", "public"."EventTracking"."sequenceNumber"
2025-09-03T15:14:11: [eventProcessor] INFO: [supra-mainnet] TradeEvent detected. Processing...
2025-09-03T15:14:11: [tradeEventHandler] DEBUG: [supra-mainnet] Processing TradeEvent {"creator_fee":"300000","is_buy":true,"platform_fee":"400000","supra_amount":"100000000","timestamp":"1756930440","token_address":"0x3909e0e0235c085921ef30a258217f2993cb5e1970f441750103b422c471c293","token_amount":"13679975008","user":"0x6e3e09ab7fd0145d7befc0c68d6944ddc1a90fd45b8a6d28c76d8c48bed676b0","virtual_supra_reserves":"1782303103092294","virtual_token_reserves":"243818605402212670"}
2025-09-03T15:14:11: prisma:query SELECT "public"."TradeEvent"."id" FROM "public"."TradeEvent" WHERE (("public"."TradeEvent"."network" = $1 AND "public"."TradeEvent"."creationNumber" = $2 AND "public"."TradeEvent"."sequenceNumber" = $3 AND "public"."TradeEvent"."type" = $4) AND 1=1) LIMIT $5 OFFSET $6
2025-09-03T15:14:11: [tradeEventHandler] DEBUG: [supra-mainnet] TradeEvent already exists. Skipping creation.
2025-09-03T15:14:11: [eventProcessor] INFO: [supra-mainnet] TradeEvent processed. Adding signal...
2025-09-03T15:14:11: [eventProcessor] INFO: [supra-mainnet] Signal added.
2025-09-03T15:14:12: [processor-worker] INFO: Processing 1 jobs from the queue.
2025-09-03T15:14:12: prisma:query UPDATE "public"."EventTracking" SET "processed" = $1, "error" = $2 WHERE ("public"."EventTracking"."id" = $3 AND 1=1) RETURNING "public"."EventTracking"."id", "public"."EventTracking"."eventType", "public"."EventTracking"."blockHeight", "public"."EventTracking"."transactionHash", "public"."EventTracking"."processed", "public"."EventTracking"."error", "public"."EventTracking"."createdAt", "public"."EventTracking"."updatedAt", "public"."EventTracking"."network", "public"."EventTracking"."sequenceNumber"
2025-09-03T15:14:12: [eventProcessor] INFO: Successfully processed and committed transaction for event Tx:unknown_tx_for_0x2e1e06a4d4d16fb89474347f51370e06318100d01982f57d6d1d7f8293e795b5::spike_fun::TradeEvent_block_22194381 Seq:430 Type:0x2e1e06a4d4d16fb89474347f51370e06318100d01982f57d6d1d7f8293e795b5::spike_fun::TradeEvent Net:supra-mainnet.
2025-09-03T15:14:12: prisma:query COMMIT
2025-09-03T15:14:12: [eventProcessor] INFO: Finished processing batch of 1 events for network supra-mainnet.
2025-09-03T15:14:12: [processor-worker] INFO: Successfully processed 1 jobs.
2025-09-03T15:14:12: [processor-worker] INFO: Successfully processed 1 jobs.
2025-09-03T15:14:12: [eventProcessor] DEBUG: Processing 1 RpcEvents in current batch for network supra-mainnet.
2025-09-03T15:14:12: prisma:query BEGIN
2025-09-03T15:14:13: prisma:query DEALLOCATE ALL
2025-09-03T15:14:13: [eventProcessor] DEBUG: Starting transaction for event: Tx:unknown_tx_for_0x2e1e06a4d4d16fb89474347f51370e06318100d01982f57d6d1d7f8293e795b5::spike_fun::TradeEvent_block_22194381 Seq:430 Type:0x2e1e06a4d4d16fb89474347f51370e06318100d01982f57d6d1d7f8293e795b5::spike_fun::TradeEvent Net:supra-mainnet
2025-09-03T15:14:13: prisma:query INSERT INTO "public"."EventTracking" ("eventType","blockHeight","transactionHash","processed","error","createdAt","updatedAt","network","sequenceNumber") VALUES ($1,$2,$3,$4,$5,$6,$7,$8,$9) ON CONFLICT ("network","transactionHash","sequenceNumber","eventType") DO UPDATE SET "error" = $10, "processed" = $11 WHERE (("public"."EventTracking"."network" = $12 AND "public"."EventTracking"."transactionHash" = $13 AND "public"."EventTracking"."sequenceNumber" = $14 AND "public"."EventTracking"."eventType" = $15) AND 1=1) RETURNING "public"."EventTracking"."id", "public"."EventTracking"."eventType", "public"."EventTracking"."blockHeight", "public"."EventTracking"."transactionHash", "public"."EventTracking"."processed", "public"."EventTracking"."error", "public"."EventTracking"."createdAt", "public"."EventTracking"."updatedAt", "public"."EventTracking"."network", "public"."EventTracking"."sequenceNumber"
2025-09-03T15:14:13: [eventProcessor] INFO: [supra-mainnet] TradeEvent detected. Processing...
2025-09-03T15:14:13: [tradeEventHandler] DEBUG: [supra-mainnet] Processing TradeEvent {"creator_fee":"300000","is_buy":true,"platform_fee":"400000","supra_amount":"100000000","timestamp":"1756930440","token_address":"0x3909e0e0235c085921ef30a258217f2993cb5e1970f441750103b422c471c293","token_amount":"13679975008","user":"0x6e3e09ab7fd0145d7befc0c68d6944ddc1a90fd45b8a6d28c76d8c48bed676b0","virtual_supra_reserves":"1782303103092294","virtual_token_reserves":"243818605402212670"}
2025-09-03T15:14:13: prisma:query SELECT "public"."TradeEvent"."id" FROM "public"."TradeEvent" WHERE (("public"."TradeEvent"."network" = $1 AND "public"."TradeEvent"."creationNumber" = $2 AND "public"."TradeEvent"."sequenceNumber" = $3 AND "public"."TradeEvent"."type" = $4) AND 1=1) LIMIT $5 OFFSET $6
2025-09-03T15:14:13: [tradeEventHandler] DEBUG: [supra-mainnet] TradeEvent already exists. Skipping creation.
2025-09-03T15:14:13: [eventProcessor] INFO: [supra-mainnet] TradeEvent processed. Adding signal...
2025-09-03T15:14:13: [eventProcessor] INFO: [supra-mainnet] Signal added.
2025-09-03T15:14:14: prisma:query UPDATE "public"."EventTracking" SET "processed" = $1, "error" = $2 WHERE ("public"."EventTracking"."id" = $3 AND 1=1) RETURNING "public"."EventTracking"."id", "public"."EventTracking"."eventType", "public"."EventTracking"."blockHeight", "public"."EventTracking"."transactionHash", "public"."EventTracking"."processed", "public"."EventTracking"."error", "public"."EventTracking"."createdAt", "public"."EventTracking"."updatedAt", "public"."EventTracking"."network", "public"."EventTracking"."sequenceNumber"
2025-09-03T15:14:14: [eventProcessor] INFO: Successfully processed and committed transaction for event Tx:unknown_tx_for_0x2e1e06a4d4d16fb89474347f51370e06318100d01982f57d6d1d7f8293e795b5::spike_fun::TradeEvent_block_22194381 Seq:430 Type:0x2e1e06a4d4d16fb89474347f51370e06318100d01982f57d6d1d7f8293e795b5::spike_fun::TradeEvent Net:supra-mainnet.
2025-09-03T15:14:14: prisma:query COMMIT
2025-09-03T15:14:14: [eventProcessor] INFO: Finished processing batch of 1 events for network supra-mainnet.
2025-09-03T15:14:14: [processor-worker] INFO: Successfully processed 1 jobs.
2025-09-03T15:14:14: [eventProcessor] DEBUG: Processing 1 RpcEvents in current batch for network supra-mainnet.
2025-09-03T15:14:14: prisma:query BEGIN
2025-09-03T15:14:14: prisma:query DEALLOCATE ALL
2025-09-03T15:14:14: [eventProcessor] DEBUG: Starting transaction for event: Tx:unknown_tx_for_0x2e1e06a4d4d16fb89474347f51370e06318100d01982f57d6d1d7f8293e795b5::spike_fun::TradeEvent_block_22194381 Seq:430 Type:0x2e1e06a4d4d16fb89474347f51370e06318100d01982f57d6d1d7f8293e795b5::spike_fun::TradeEvent Net:supra-mainnet
2025-09-03T15:14:15: prisma:query INSERT INTO "public"."EventTracking" ("eventType","blockHeight","transactionHash","processed","error","createdAt","updatedAt","network","sequenceNumber") VALUES ($1,$2,$3,$4,$5,$6,$7,$8,$9) ON CONFLICT ("network","transactionHash","sequenceNumber","eventType") DO UPDATE SET "error" = $10, "processed" = $11 WHERE (("public"."EventTracking"."network" = $12 AND "public"."EventTracking"."transactionHash" = $13 AND "public"."EventTracking"."sequenceNumber" = $14 AND "public"."EventTracking"."eventType" = $15) AND 1=1) RETURNING "public"."EventTracking"."id", "public"."EventTracking"."eventType", "public"."EventTracking"."blockHeight", "public"."EventTracking"."transactionHash", "public"."EventTracking"."processed", "public"."EventTracking"."error", "public"."EventTracking"."createdAt", "public"."EventTracking"."updatedAt", "public"."EventTracking"."network", "public"."EventTracking"."sequenceNumber"
2025-09-03T15:14:15: [eventProcessor] INFO: [supra-mainnet] TradeEvent detected. Processing...
2025-09-03T15:14:15: [tradeEventHandler] DEBUG: [supra-mainnet] Processing TradeEvent {"creator_fee":"300000","is_buy":true,"platform_fee":"400000","supra_amount":"100000000","timestamp":"1756930440","token_address":"0x3909e0e0235c085921ef30a258217f2993cb5e1970f441750103b422c471c293","token_amount":"13679975008","user":"0x6e3e09ab7fd0145d7befc0c68d6944ddc1a90fd45b8a6d28c76d8c48bed676b0","virtual_supra_reserves":"1782303103092294","virtual_token_reserves":"243818605402212670"}
2025-09-03T15:14:15: prisma:query SELECT "public"."TradeEvent"."id" FROM "public"."TradeEvent" WHERE (("public"."TradeEvent"."network" = $1 AND "public"."TradeEvent"."creationNumber" = $2 AND "public"."TradeEvent"."sequenceNumber" = $3 AND "public"."TradeEvent"."type" = $4) AND 1=1) LIMIT $5 OFFSET $6
2025-09-03T15:14:15: [tradeEventHandler] DEBUG: [supra-mainnet] TradeEvent already exists. Skipping creation.
2025-09-03T15:14:15: [eventProcessor] INFO: [supra-mainnet] TradeEvent processed. Adding signal...
2025-09-03T15:14:15: [eventProcessor] INFO: [supra-mainnet] Signal added.
2025-09-03T15:14:15: prisma:query UPDATE "public"."EventTracking" SET "processed" = $1, "error" = $2 WHERE ("public"."EventTracking"."id" = $3 AND 1=1) RETURNING "public"."EventTracking"."id", "public"."EventTracking"."eventType", "public"."EventTracking"."blockHeight", "public"."EventTracking"."transactionHash", "public"."EventTracking"."processed", "public"."EventTracking"."error", "public"."EventTracking"."createdAt", "public"."EventTracking"."updatedAt", "public"."EventTracking"."network", "public"."EventTracking"."sequenceNumber"
2025-09-03T15:14:15: [eventProcessor] INFO: Successfully processed and committed transaction for event Tx:unknown_tx_for_0x2e1e06a4d4d16fb89474347f51370e06318100d01982f57d6d1d7f8293e795b5::spike_fun::TradeEvent_block_22194381 Seq:430 Type:0x2e1e06a4d4d16fb89474347f51370e06318100d01982f57d6d1d7f8293e795b5::spike_fun::TradeEvent Net:supra-mainnet.
2025-09-03T15:14:16: prisma:query COMMIT
2025-09-03T15:14:16: [eventProcessor] INFO: Finished processing batch of 1 events for network supra-mainnet.
2025-09-03T15:14:16: [processor-worker] INFO: Successfully processed 1 jobs.
2025-09-03T15:14:16: [eventProcessor] DEBUG: Processing 1 RpcEvents in current batch for network supra-mainnet.
2025-09-03T15:14:16: prisma:query BEGIN
2025-09-03T15:14:16: prisma:query DEALLOCATE ALL
2025-09-03T15:14:16: [eventProcessor] DEBUG: Starting transaction for event: Tx:unknown_tx_for_0x2e1e06a4d4d16fb89474347f51370e06318100d01982f57d6d1d7f8293e795b5::spike_fun::TradeEvent_block_22194381 Seq:430 Type:0x2e1e06a4d4d16fb89474347f51370e06318100d01982f57d6d1d7f8293e795b5::spike_fun::TradeEvent Net:supra-mainnet
2025-09-03T15:14:16: prisma:query INSERT INTO "public"."EventTracking" ("eventType","blockHeight","transactionHash","processed","error","createdAt","updatedAt","network","sequenceNumber") VALUES ($1,$2,$3,$4,$5,$6,$7,$8,$9) ON CONFLICT ("network","transactionHash","sequenceNumber","eventType") DO UPDATE SET "error" = $10, "processed" = $11 WHERE (("public"."EventTracking"."network" = $12 AND "public"."EventTracking"."transactionHash" = $13 AND "public"."EventTracking"."sequenceNumber" = $14 AND "public"."EventTracking"."eventType" = $15) AND 1=1) RETURNING "public"."EventTracking"."id", "public"."EventTracking"."eventType", "public"."EventTracking"."blockHeight", "public"."EventTracking"."transactionHash", "public"."EventTracking"."processed", "public"."EventTracking"."error", "public"."EventTracking"."createdAt", "public"."EventTracking"."updatedAt", "public"."EventTracking"."network", "public"."EventTracking"."sequenceNumber"
2025-09-03T15:14:16: [eventProcessor] INFO: [supra-mainnet] TradeEvent detected. Processing...
2025-09-03T15:14:16: [tradeEventHandler] DEBUG: [supra-mainnet] Processing TradeEvent {"creator_fee":"300000","is_buy":true,"platform_fee":"400000","supra_amount":"100000000","timestamp":"1756930440","token_address":"0x3909e0e0235c085921ef30a258217f2993cb5e1970f441750103b422c471c293","token_amount":"13679975008","user":"0x6e3e09ab7fd0145d7befc0c68d6944ddc1a90fd45b8a6d28c76d8c48bed676b0","virtual_supra_reserves":"1782303103092294","virtual_token_reserves":"243818605402212670"}
2025-09-03T15:14:17: prisma:query SELECT "public"."TradeEvent"."id" FROM "public"."TradeEvent" WHERE (("public"."TradeEvent"."network" = $1 AND "public"."TradeEvent"."creationNumber" = $2 AND "public"."TradeEvent"."sequenceNumber" = $3 AND "public"."TradeEvent"."type" = $4) AND 1=1) LIMIT $5 OFFSET $6
2025-09-03T15:14:17: [tradeEventHandler] DEBUG: [supra-mainnet] TradeEvent already exists. Skipping creation.
2025-09-03T15:14:17: [eventProcessor] INFO: [supra-mainnet] TradeEvent processed. Adding signal...
2025-09-03T15:14:17: [eventProcessor] INFO: [supra-mainnet] Signal added.
2025-09-03T15:14:17: prisma:query UPDATE "public"."EventTracking" SET "processed" = $1, "error" = $2 WHERE ("public"."EventTracking"."id" = $3 AND 1=1) RETURNING "public"."EventTracking"."id", "public"."EventTracking"."eventType", "public"."EventTracking"."blockHeight", "public"."EventTracking"."transactionHash", "public"."EventTracking"."processed", "public"."EventTracking"."error", "public"."EventTracking"."createdAt", "public"."EventTracking"."updatedAt", "public"."EventTracking"."network", "public"."EventTracking"."sequenceNumber"
2025-09-03T15:14:17: [eventProcessor] INFO: Successfully processed and committed transaction for event Tx:unknown_tx_for_0x2e1e06a4d4d16fb89474347f51370e06318100d01982f57d6d1d7f8293e795b5::spike_fun::TradeEvent_block_22194381 Seq:430 Type:0x2e1e06a4d4d16fb89474347f51370e06318100d01982f57d6d1d7f8293e795b5::spike_fun::TradeEvent Net:supra-mainnet.
2025-09-03T15:14:17: prisma:query COMMIT
2025-09-03T15:14:17: [eventProcessor] INFO: Finished processing batch of 1 events for network supra-mainnet.
2025-09-03T15:14:18: [processor-worker] INFO: Successfully processed 1 jobs.
2025-09-03T15:31:44: [processor-worker] INFO: Processor worker started.
2025-09-03T15:32:35: [processor-worker] INFO: Processing 1 jobs from the queue.
2025-09-03T15:32:35: prisma:info Starting a postgresql pool with 13 connections in PgBouncer mode.
2025-09-03T15:32:36: [processor-worker] INFO: Processing 1 jobs from the queue.
2025-09-03T15:32:36: prisma:query BEGIN
2025-09-03T15:32:36: prisma:query DEALLOCATE ALL
2025-09-03T15:32:36: [eventProcessor] DEBUG: Processing 1 RpcEvents in current batch for network supra-mainnet.
2025-09-03T15:32:37: [processor-worker] INFO: Processing 1 jobs from the queue.
2025-09-03T15:32:37: prisma:query BEGIN
2025-09-03T15:32:37: prisma:query DEALLOCATE ALL
2025-09-03T15:32:37: [eventProcessor] DEBUG: Processing 1 RpcEvents in current batch for network supra-mainnet.
2025-09-03T15:32:38: [processor-worker] INFO: Processing 1 jobs from the queue.
2025-09-03T15:32:38: prisma:query BEGIN
2025-09-03T15:32:38: prisma:query BEGIN
2025-09-03T15:32:38: prisma:query DEALLOCATE ALL
2025-09-03T15:32:38: [eventProcessor] DEBUG: Starting transaction for event: Tx:unknown_tx_for_0x2e1e06a4d4d16fb89474347f51370e06318100d01982f57d6d1d7f8293e795b5::spike_fun::TradeEvent_block_22194376 Seq:430 Type:0x2e1e06a4d4d16fb89474347f51370e06318100d01982f57d6d1d7f8293e795b5::spike_fun::TradeEvent Net:supra-mainnet
2025-09-03T15:32:38: prisma:query DEALLOCATE ALL
2025-09-03T15:32:38: [eventProcessor] DEBUG: Processing 1 RpcEvents in current batch for network supra-mainnet.
2025-09-03T15:32:38: prisma:query INSERT INTO "public"."EventTracking" ("eventType","blockHeight","transactionHash","processed","error","createdAt","updatedAt","network","sequenceNumber") VALUES ($1,$2,$3,$4,$5,$6,$7,$8,$9) ON CONFLICT ("network","transactionHash","sequenceNumber","eventType") DO UPDATE SET "error" = $10, "processed" = $11 WHERE (("public"."EventTracking"."network" = $12 AND "public"."EventTracking"."transactionHash" = $13 AND "public"."EventTracking"."sequenceNumber" = $14 AND "public"."EventTracking"."eventType" = $15) AND 1=1) RETURNING "public"."EventTracking"."id", "public"."EventTracking"."eventType", "public"."EventTracking"."blockHeight", "public"."EventTracking"."transactionHash", "public"."EventTracking"."processed", "public"."EventTracking"."error", "public"."EventTracking"."createdAt", "public"."EventTracking"."updatedAt", "public"."EventTracking"."network", "public"."EventTracking"."sequenceNumber"
2025-09-03T15:32:38: [eventProcessor] INFO: [supra-mainnet] TradeEvent detected. Processing...
2025-09-03T15:32:38: [tradeEventHandler] DEBUG: [supra-mainnet] Processing TradeEvent {"creator_fee":"300000","is_buy":true,"platform_fee":"400000","supra_amount":"100000000","timestamp":"1756930440","token_address":"0x3909e0e0235c085921ef30a258217f2993cb5e1970f441750103b422c471c293","token_amount":"13679975008","user":"0x6e3e09ab7fd0145d7befc0c68d6944ddc1a90fd45b8a6d28c76d8c48bed676b0","virtual_supra_reserves":"1782303103092294","virtual_token_reserves":"243818605402212670"}
2025-09-03T15:32:39: [processor-worker] INFO: Processing 1 jobs from the queue.
2025-09-03T15:32:39: prisma:query SELECT "public"."TradeEvent"."id" FROM "public"."TradeEvent" WHERE (("public"."TradeEvent"."network" = $1 AND "public"."TradeEvent"."creationNumber" = $2 AND "public"."TradeEvent"."sequenceNumber" = $3 AND "public"."TradeEvent"."type" = $4) AND 1=1) LIMIT $5 OFFSET $6
2025-09-03T15:32:39: [tradeEventHandler] DEBUG: [supra-mainnet] TradeEvent already exists. Skipping creation.
2025-09-03T15:32:39: [eventProcessor] INFO: [supra-mainnet] TradeEvent processed. Adding signal...
2025-09-03T15:32:39: [eventProcessor] INFO: [supra-mainnet] Signal added.
2025-09-03T15:32:39: prisma:query BEGIN
2025-09-03T15:32:39: prisma:query DEALLOCATE ALL
2025-09-03T15:32:39: [eventProcessor] DEBUG: Processing 1 RpcEvents in current batch for network supra-mainnet.
2025-09-03T15:32:39: prisma:query UPDATE "public"."EventTracking" SET "processed" = $1, "error" = $2 WHERE ("public"."EventTracking"."id" = $3 AND 1=1) RETURNING "public"."EventTracking"."id", "public"."EventTracking"."eventType", "public"."EventTracking"."blockHeight", "public"."EventTracking"."transactionHash", "public"."EventTracking"."processed", "public"."EventTracking"."error", "public"."EventTracking"."createdAt", "public"."EventTracking"."updatedAt", "public"."EventTracking"."network", "public"."EventTracking"."sequenceNumber"
2025-09-03T15:32:39: [eventProcessor] INFO: Successfully processed and committed transaction for event Tx:unknown_tx_for_0x2e1e06a4d4d16fb89474347f51370e06318100d01982f57d6d1d7f8293e795b5::spike_fun::TradeEvent_block_22194376 Seq:430 Type:0x2e1e06a4d4d16fb89474347f51370e06318100d01982f57d6d1d7f8293e795b5::spike_fun::TradeEvent Net:supra-mainnet.
2025-09-03T15:32:39: prisma:query BEGIN
2025-09-03T15:32:39: prisma:query COMMIT
2025-09-03T15:32:39: [eventProcessor] INFO: Finished processing batch of 1 events for network supra-mainnet.
2025-09-03T15:32:39: prisma:query BEGIN
2025-09-03T15:32:39: prisma:query DEALLOCATE ALL
2025-09-03T15:32:39: [eventProcessor] DEBUG: Starting transaction for event: Tx:unknown_tx_for_0x2e1e06a4d4d16fb89474347f51370e06318100d01982f57d6d1d7f8293e795b5::spike_fun::TradeEvent_block_22194376 Seq:430 Type:0x2e1e06a4d4d16fb89474347f51370e06318100d01982f57d6d1d7f8293e795b5::spike_fun::TradeEvent Net:supra-mainnet
2025-09-03T15:32:39: prisma:query COMMIT
2025-09-03T15:32:40: [processor-worker] INFO: Successfully processed and marked 1 jobs as complete.
2025-09-03T15:32:40: prisma:query DEALLOCATE ALL
2025-09-03T15:32:40: [eventProcessor] DEBUG: Starting transaction for event: Tx:unknown_tx_for_0x2e1e06a4d4d16fb89474347f51370e06318100d01982f57d6d1d7f8293e795b5::spike_fun::TradeEvent_block_22194376 Seq:430 Type:0x2e1e06a4d4d16fb89474347f51370e06318100d01982f57d6d1d7f8293e795b5::spike_fun::TradeEvent Net:supra-mainnet
2025-09-03T15:32:40: prisma:query INSERT INTO "public"."EventTracking" ("eventType","blockHeight","transactionHash","processed","error","createdAt","updatedAt","network","sequenceNumber") VALUES ($1,$2,$3,$4,$5,$6,$7,$8,$9) ON CONFLICT ("network","transactionHash","sequenceNumber","eventType") DO UPDATE SET "error" = $10, "processed" = $11 WHERE (("public"."EventTracking"."network" = $12 AND "public"."EventTracking"."transactionHash" = $13 AND "public"."EventTracking"."sequenceNumber" = $14 AND "public"."EventTracking"."eventType" = $15) AND 1=1) RETURNING "public"."EventTracking"."id", "public"."EventTracking"."eventType", "public"."EventTracking"."blockHeight", "public"."EventTracking"."transactionHash", "public"."EventTracking"."processed", "public"."EventTracking"."error", "public"."EventTracking"."createdAt", "public"."EventTracking"."updatedAt", "public"."EventTracking"."network", "public"."EventTracking"."sequenceNumber"
2025-09-03T15:32:40: [eventProcessor] INFO: [supra-mainnet] TradeEvent detected. Processing...
2025-09-03T15:32:40: [tradeEventHandler] DEBUG: [supra-mainnet] Processing TradeEvent {"creator_fee":"300000","is_buy":true,"platform_fee":"400000","supra_amount":"100000000","timestamp":"1756930440","token_address":"0x3909e0e0235c085921ef30a258217f2993cb5e1970f441750103b422c471c293","token_amount":"13679975008","user":"0x6e3e09ab7fd0145d7befc0c68d6944ddc1a90fd45b8a6d28c76d8c48bed676b0","virtual_supra_reserves":"1782303103092294","virtual_token_reserves":"243818605402212670"}
2025-09-03T15:32:40: prisma:query BEGIN
2025-09-03T15:32:40: prisma:query SELECT "public"."TradeEvent"."id" FROM "public"."TradeEvent" WHERE (("public"."TradeEvent"."network" = $1 AND "public"."TradeEvent"."creationNumber" = $2 AND "public"."TradeEvent"."sequenceNumber" = $3 AND "public"."TradeEvent"."type" = $4) AND 1=1) LIMIT $5 OFFSET $6
2025-09-03T15:32:40: [tradeEventHandler] DEBUG: [supra-mainnet] TradeEvent already exists. Skipping creation.
2025-09-03T15:32:40: [eventProcessor] INFO: [supra-mainnet] TradeEvent processed. Adding signal...
2025-09-03T15:32:40: [eventProcessor] INFO: [supra-mainnet] Signal added.
2025-09-03T15:32:40: prisma:query BEGIN
2025-09-03T15:32:40: prisma:query DEALLOCATE ALL
2025-09-03T15:32:40: [eventProcessor] DEBUG: Processing 1 RpcEvents in current batch for network supra-mainnet.
2025-09-03T15:32:40: prisma:query DEALLOCATE ALL
2025-09-03T15:32:40: [eventProcessor] DEBUG: Starting transaction for event: Tx:unknown_tx_for_0x2e1e06a4d4d16fb89474347f51370e06318100d01982f57d6d1d7f8293e795b5::spike_fun::TradeEvent_block_22194376 Seq:430 Type:0x2e1e06a4d4d16fb89474347f51370e06318100d01982f57d6d1d7f8293e795b5::spike_fun::TradeEvent Net:supra-mainnet
2025-09-03T15:32:40: prisma:query BEGIN
2025-09-03T15:32:40: prisma:query UPDATE "public"."EventTracking" SET "processed" = $1, "error" = $2 WHERE ("public"."EventTracking"."id" = $3 AND 1=1) RETURNING "public"."EventTracking"."id", "public"."EventTracking"."eventType", "public"."EventTracking"."blockHeight", "public"."EventTracking"."transactionHash", "public"."EventTracking"."processed", "public"."EventTracking"."error", "public"."EventTracking"."createdAt", "public"."EventTracking"."updatedAt", "public"."EventTracking"."network", "public"."EventTracking"."sequenceNumber"
2025-09-03T15:32:40: [eventProcessor] INFO: Successfully processed and committed transaction for event Tx:unknown_tx_for_0x2e1e06a4d4d16fb89474347f51370e06318100d01982f57d6d1d7f8293e795b5::spike_fun::TradeEvent_block_22194376 Seq:430 Type:0x2e1e06a4d4d16fb89474347f51370e06318100d01982f57d6d1d7f8293e795b5::spike_fun::TradeEvent Net:supra-mainnet.
2025-09-03T15:32:41: prisma:query DEALLOCATE ALL
2025-09-03T15:32:41: [eventProcessor] DEBUG: Starting transaction for event: Tx:unknown_tx_for_0x2e1e06a4d4d16fb89474347f51370e06318100d01982f57d6d1d7f8293e795b5::spike_fun::TradeEvent_block_22194376 Seq:430 Type:0x2e1e06a4d4d16fb89474347f51370e06318100d01982f57d6d1d7f8293e795b5::spike_fun::TradeEvent Net:supra-mainnet
2025-09-03T15:32:41: prisma:query INSERT INTO "public"."EventTracking" ("eventType","blockHeight","transactionHash","processed","error","createdAt","updatedAt","network","sequenceNumber") VALUES ($1,$2,$3,$4,$5,$6,$7,$8,$9) ON CONFLICT ("network","transactionHash","sequenceNumber","eventType") DO UPDATE SET "error" = $10, "processed" = $11 WHERE (("public"."EventTracking"."network" = $12 AND "public"."EventTracking"."transactionHash" = $13 AND "public"."EventTracking"."sequenceNumber" = $14 AND "public"."EventTracking"."eventType" = $15) AND 1=1) RETURNING "public"."EventTracking"."id", "public"."EventTracking"."eventType", "public"."EventTracking"."blockHeight", "public"."EventTracking"."transactionHash", "public"."EventTracking"."processed", "public"."EventTracking"."error", "public"."EventTracking"."createdAt", "public"."EventTracking"."updatedAt", "public"."EventTracking"."network", "public"."EventTracking"."sequenceNumber"
2025-09-03T15:32:41: prisma:query COMMIT
2025-09-03T15:32:41: [eventProcessor] INFO: Finished processing batch of 1 events for network supra-mainnet.
2025-09-03T15:32:41: [eventProcessor] INFO: [supra-mainnet] TradeEvent detected. Processing...
2025-09-03T15:32:41: [tradeEventHandler] DEBUG: [supra-mainnet] Processing TradeEvent {"creator_fee":"300000","is_buy":true,"platform_fee":"400000","supra_amount":"100000000","timestamp":"1756930440","token_address":"0x3909e0e0235c085921ef30a258217f2993cb5e1970f441750103b422c471c293","token_amount":"13679975008","user":"0x6e3e09ab7fd0145d7befc0c68d6944ddc1a90fd45b8a6d28c76d8c48bed676b0","virtual_supra_reserves":"1782303103092294","virtual_token_reserves":"243818605402212670"}
2025-09-03T15:32:41: prisma:query COMMIT
2025-09-03T15:32:41: [processor-worker] INFO: Successfully processed and marked 1 jobs as complete.
2025-09-03T15:32:41: prisma:query SELECT "public"."TradeEvent"."id" FROM "public"."TradeEvent" WHERE (("public"."TradeEvent"."network" = $1 AND "public"."TradeEvent"."creationNumber" = $2 AND "public"."TradeEvent"."sequenceNumber" = $3 AND "public"."TradeEvent"."type" = $4) AND 1=1) LIMIT $5 OFFSET $6
2025-09-03T15:32:41: [tradeEventHandler] DEBUG: [supra-mainnet] TradeEvent already exists. Skipping creation.
2025-09-03T15:32:41: [eventProcessor] INFO: [supra-mainnet] TradeEvent processed. Adding signal...
2025-09-03T15:32:41: [eventProcessor] INFO: [supra-mainnet] Signal added.
2025-09-03T15:32:42: prisma:query UPDATE "public"."EventTracking" SET "processed" = $1, "error" = $2 WHERE ("public"."EventTracking"."id" = $3 AND 1=1) RETURNING "public"."EventTracking"."id", "public"."EventTracking"."eventType", "public"."EventTracking"."blockHeight", "public"."EventTracking"."transactionHash", "public"."EventTracking"."processed", "public"."EventTracking"."error", "public"."EventTracking"."createdAt", "public"."EventTracking"."updatedAt", "public"."EventTracking"."network", "public"."EventTracking"."sequenceNumber"
2025-09-03T15:32:42: [eventProcessor] INFO: Successfully processed and committed transaction for event Tx:unknown_tx_for_0x2e1e06a4d4d16fb89474347f51370e06318100d01982f57d6d1d7f8293e795b5::spike_fun::TradeEvent_block_22194376 Seq:430 Type:0x2e1e06a4d4d16fb89474347f51370e06318100d01982f57d6d1d7f8293e795b5::spike_fun::TradeEvent Net:supra-mainnet.
2025-09-03T15:32:42: prisma:query INSERT INTO "public"."EventTracking" ("eventType","blockHeight","transactionHash","processed","error","createdAt","updatedAt","network","sequenceNumber") VALUES ($1,$2,$3,$4,$5,$6,$7,$8,$9) ON CONFLICT ("network","transactionHash","sequenceNumber","eventType") DO UPDATE SET "error" = $10, "processed" = $11 WHERE (("public"."EventTracking"."network" = $12 AND "public"."EventTracking"."transactionHash" = $13 AND "public"."EventTracking"."sequenceNumber" = $14 AND "public"."EventTracking"."eventType" = $15) AND 1=1) RETURNING "public"."EventTracking"."id", "public"."EventTracking"."eventType", "public"."EventTracking"."blockHeight", "public"."EventTracking"."transactionHash", "public"."EventTracking"."processed", "public"."EventTracking"."error", "public"."EventTracking"."createdAt", "public"."EventTracking"."updatedAt", "public"."EventTracking"."network", "public"."EventTracking"."sequenceNumber"
2025-09-03T15:32:42: prisma:query COMMIT
2025-09-03T15:32:42: [eventProcessor] INFO: [supra-mainnet] TradeEvent detected. Processing...
2025-09-03T15:32:42: [tradeEventHandler] DEBUG: [supra-mainnet] Processing TradeEvent {"creator_fee":"300000","is_buy":true,"platform_fee":"400000","supra_amount":"100000000","timestamp":"1756930440","token_address":"0x3909e0e0235c085921ef30a258217f2993cb5e1970f441750103b422c471c293","token_amount":"13679975008","user":"0x6e3e09ab7fd0145d7befc0c68d6944ddc1a90fd45b8a6d28c76d8c48bed676b0","virtual_supra_reserves":"1782303103092294","virtual_token_reserves":"243818605402212670"}
2025-09-03T15:32:42: [eventProcessor] INFO: Finished processing batch of 1 events for network supra-mainnet.
2025-09-03T15:32:42: prisma:query COMMIT
2025-09-03T15:32:42: [processor-worker] INFO: Successfully processed and marked 1 jobs as complete.
2025-09-03T15:32:42: prisma:query SELECT "public"."TradeEvent"."id" FROM "public"."TradeEvent" WHERE (("public"."TradeEvent"."network" = $1 AND "public"."TradeEvent"."creationNumber" = $2 AND "public"."TradeEvent"."sequenceNumber" = $3 AND "public"."TradeEvent"."type" = $4) AND 1=1) LIMIT $5 OFFSET $6
2025-09-03T15:32:42: [tradeEventHandler] DEBUG: [supra-mainnet] TradeEvent already exists. Skipping creation.
2025-09-03T15:32:42: [eventProcessor] INFO: [supra-mainnet] TradeEvent processed. Adding signal...
2025-09-03T15:32:42: [eventProcessor] INFO: [supra-mainnet] Signal added.
2025-09-03T15:32:43: prisma:query UPDATE "public"."EventTracking" SET "processed" = $1, "error" = $2 WHERE ("public"."EventTracking"."id" = $3 AND 1=1) RETURNING "public"."EventTracking"."id", "public"."EventTracking"."eventType", "public"."EventTracking"."blockHeight", "public"."EventTracking"."transactionHash", "public"."EventTracking"."processed", "public"."EventTracking"."error", "public"."EventTracking"."createdAt", "public"."EventTracking"."updatedAt", "public"."EventTracking"."network", "public"."EventTracking"."sequenceNumber"
2025-09-03T15:32:43: [eventProcessor] INFO: Successfully processed and committed transaction for event Tx:unknown_tx_for_0x2e1e06a4d4d16fb89474347f51370e06318100d01982f57d6d1d7f8293e795b5::spike_fun::TradeEvent_block_22194376 Seq:430 Type:0x2e1e06a4d4d16fb89474347f51370e06318100d01982f57d6d1d7f8293e795b5::spike_fun::TradeEvent Net:supra-mainnet.
2025-09-03T15:32:43: prisma:query INSERT INTO "public"."EventTracking" ("eventType","blockHeight","transactionHash","processed","error","createdAt","updatedAt","network","sequenceNumber") VALUES ($1,$2,$3,$4,$5,$6,$7,$8,$9) ON CONFLICT ("network","transactionHash","sequenceNumber","eventType") DO UPDATE SET "error" = $10, "processed" = $11 WHERE (("public"."EventTracking"."network" = $12 AND "public"."EventTracking"."transactionHash" = $13 AND "public"."EventTracking"."sequenceNumber" = $14 AND "public"."EventTracking"."eventType" = $15) AND 1=1) RETURNING "public"."EventTracking"."id", "public"."EventTracking"."eventType", "public"."EventTracking"."blockHeight", "public"."EventTracking"."transactionHash", "public"."EventTracking"."processed", "public"."EventTracking"."error", "public"."EventTracking"."createdAt", "public"."EventTracking"."updatedAt", "public"."EventTracking"."network", "public"."EventTracking"."sequenceNumber"
2025-09-03T15:32:43: [eventProcessor] INFO: [supra-mainnet] TradeEvent detected. Processing...
2025-09-03T15:32:43: [tradeEventHandler] DEBUG: [supra-mainnet] Processing TradeEvent {"creator_fee":"300000","is_buy":true,"platform_fee":"400000","supra_amount":"100000000","timestamp":"1756930440","token_address":"0x3909e0e0235c085921ef30a258217f2993cb5e1970f441750103b422c471c293","token_amount":"13679975008","user":"0x6e3e09ab7fd0145d7befc0c68d6944ddc1a90fd45b8a6d28c76d8c48bed676b0","virtual_supra_reserves":"1782303103092294","virtual_token_reserves":"243818605402212670"}
2025-09-03T15:32:43: prisma:query COMMIT
2025-09-03T15:32:43: [eventProcessor] INFO: Finished processing batch of 1 events for network supra-mainnet.
2025-09-03T15:32:43: prisma:query COMMIT
2025-09-03T15:32:43: [processor-worker] INFO: Successfully processed and marked 1 jobs as complete.
2025-09-03T15:32:43: prisma:query SELECT "public"."TradeEvent"."id" FROM "public"."TradeEvent" WHERE (("public"."TradeEvent"."network" = $1 AND "public"."TradeEvent"."creationNumber" = $2 AND "public"."TradeEvent"."sequenceNumber" = $3 AND "public"."TradeEvent"."type" = $4) AND 1=1) LIMIT $5 OFFSET $6
2025-09-03T15:32:43: [tradeEventHandler] DEBUG: [supra-mainnet] TradeEvent already exists. Skipping creation.
2025-09-03T15:32:43: [eventProcessor] INFO: [supra-mainnet] TradeEvent processed. Adding signal...
2025-09-03T15:32:43: [eventProcessor] INFO: [supra-mainnet] Signal added.
2025-09-03T15:32:44: prisma:query UPDATE "public"."EventTracking" SET "processed" = $1, "error" = $2 WHERE ("public"."EventTracking"."id" = $3 AND 1=1) RETURNING "public"."EventTracking"."id", "public"."EventTracking"."eventType", "public"."EventTracking"."blockHeight", "public"."EventTracking"."transactionHash", "public"."EventTracking"."processed", "public"."EventTracking"."error", "public"."EventTracking"."createdAt", "public"."EventTracking"."updatedAt", "public"."EventTracking"."network", "public"."EventTracking"."sequenceNumber"
2025-09-03T15:32:44: [eventProcessor] INFO: Successfully processed and committed transaction for event Tx:unknown_tx_for_0x2e1e06a4d4d16fb89474347f51370e06318100d01982f57d6d1d7f8293e795b5::spike_fun::TradeEvent_block_22194376 Seq:430 Type:0x2e1e06a4d4d16fb89474347f51370e06318100d01982f57d6d1d7f8293e795b5::spike_fun::TradeEvent Net:supra-mainnet.
2025-09-03T15:32:44: prisma:query COMMIT
2025-09-03T15:32:44: [eventProcessor] INFO: Finished processing batch of 1 events for network supra-mainnet.
2025-09-03T15:32:44: prisma:query COMMIT
2025-09-03T15:32:44: [processor-worker] INFO: Successfully processed and marked 1 jobs as complete.
2025-09-03T22:58:54: [processor-worker] INFO: Processor worker started.
2025-09-03T23:01:08: [processor-worker] INFO: Processor worker started.
2025-09-03T23:03:22: [processor-worker] INFO: Processor worker started.
2025-09-03T23:14:39: [processor-worker] INFO: Processor worker started.
2025-09-03T23:35:10: [processor-worker] INFO: Processor worker started.
2025-09-03T23:48:06: [processor-worker] INFO: Processor worker started.
2025-09-04T00:03:47: [processor-worker] INFO: Processor worker started.
2025-09-04T00:08:45: [processor-worker] INFO: Processor worker started.
2025-09-04T00:36:42: [processor-worker] INFO: Processor worker started.
2025-09-05T07:01:02: [processor-worker] INFO: Processor worker started.
2025-09-05T07:02:51: [processor-worker] INFO: Processor worker started.
